Traceback (most recent call last):
  File "/Users/delaram/anaconda3/lib/python3.11/site-packages/jupyter_cache/executors/utils.py", line 58, in single_nb_execution
    executenb(
  File "/Users/delaram/anaconda3/lib/python3.11/site-packages/nbclient/client.py", line 1204, in execute
    return NotebookClient(nb=nb, resources=resources, km=km, **kwargs).execute()
           ^^^^^^^^^^^^^^^^^^^^^^^^^^^^^^^^^^^^^^^^^^^^^^^^^^^^^^^^^^^^^^^^^^^^^
  File "/Users/delaram/anaconda3/lib/python3.11/site-packages/nbclient/util.py", line 84, in wrapped
    return just_run(coro(*args, **kwargs))
           ^^^^^^^^^^^^^^^^^^^^^^^^^^^^^^^
  File "/Users/delaram/anaconda3/lib/python3.11/site-packages/nbclient/util.py", line 62, in just_run
    return loop.run_until_complete(coro)
           ^^^^^^^^^^^^^^^^^^^^^^^^^^^^^
  File "/Users/delaram/anaconda3/lib/python3.11/asyncio/base_events.py", line 653, in run_until_complete
    return future.result()
           ^^^^^^^^^^^^^^^
  File "/Users/delaram/anaconda3/lib/python3.11/site-packages/nbclient/client.py", line 663, in async_execute
    await self.async_execute_cell(
  File "/Users/delaram/anaconda3/lib/python3.11/site-packages/nbclient/client.py", line 965, in async_execute_cell
    await self._check_raise_for_error(cell, cell_index, exec_reply)
  File "/Users/delaram/anaconda3/lib/python3.11/site-packages/nbclient/client.py", line 862, in _check_raise_for_error
    raise CellExecutionError.from_cell_and_msg(cell, exec_reply_content)
nbclient.exceptions.CellExecutionError: An error occurred while executing the following cell:
------------------
%run nuclear_energy_incidents.ipynb
------------------

[0;31m---------------------------------------------------------------------------[0m
[0;31mFileNotFoundError[0m                         Traceback (most recent call last)
Cell [0;32mIn[1], line 1[0m
[0;32m----> 1[0m get_ipython()[38;5;241m.[39mrun_line_magic([38;5;124m'[39m[38;5;124mrun[39m[38;5;124m'[39m, [38;5;124m'[39m[38;5;124mnuclear_energy_incidents.ipynb[39m[38;5;124m'[39m)

File [0;32m~/anaconda3/lib/python3.11/site-packages/IPython/core/interactiveshell.py:2432[0m, in [0;36mInteractiveShell.run_line_magic[0;34m(self, magic_name, line, _stack_depth)[0m
[1;32m   2430[0m     kwargs[[38;5;124m'[39m[38;5;124mlocal_ns[39m[38;5;124m'[39m] [38;5;241m=[39m [38;5;28mself[39m[38;5;241m.[39mget_local_scope(stack_depth)
[1;32m   2431[0m [38;5;28;01mwith[39;00m [38;5;28mself[39m[38;5;241m.[39mbuiltin_trap:
[0;32m-> 2432[0m     result [38;5;241m=[39m fn([38;5;241m*[39margs, [38;5;241m*[39m[38;5;241m*[39mkwargs)
[1;32m   2434[0m [38;5;66;03m# The code below prevents the output from being displayed[39;00m
[1;32m   2435[0m [38;5;66;03m# when using magics with decorator @output_can_be_silenced[39;00m
[1;32m   2436[0m [38;5;66;03m# when the last Python token in the expression is a ';'.[39;00m
[1;32m   2437[0m [38;5;28;01mif[39;00m [38;5;28mgetattr[39m(fn, magic[38;5;241m.[39mMAGIC_OUTPUT_CAN_BE_SILENCED, [38;5;28;01mFalse[39;00m):

File [0;32m~/anaconda3/lib/python3.11/site-packages/IPython/core/magics/execution.py:737[0m, in [0;36mExecutionMagics.run[0;34m(self, parameter_s, runner, file_finder)[0m
[1;32m    735[0m     [38;5;28;01mwith[39;00m preserve_keys([38;5;28mself[39m[38;5;241m.[39mshell[38;5;241m.[39muser_ns, [38;5;124m'[39m[38;5;124m__file__[39m[38;5;124m'[39m):
[1;32m    736[0m         [38;5;28mself[39m[38;5;241m.[39mshell[38;5;241m.[39muser_ns[[38;5;124m'[39m[38;5;124m__file__[39m[38;5;124m'[39m] [38;5;241m=[39m filename
[0;32m--> 737[0m         [38;5;28mself[39m[38;5;241m.[39mshell[38;5;241m.[39msafe_execfile_ipy(filename, raise_exceptions[38;5;241m=[39m[38;5;28;01mTrue[39;00m)
[1;32m    738[0m     [38;5;28;01mreturn[39;00m
[1;32m    740[0m [38;5;66;03m# Control the response to exit() calls made by the script being run[39;00m

File [0;32m~/anaconda3/lib/python3.11/site-packages/IPython/core/interactiveshell.py:2954[0m, in [0;36mInteractiveShell.safe_execfile_ipy[0;34m(self, fname, shell_futures, raise_exceptions)[0m
[1;32m   2952[0m result [38;5;241m=[39m [38;5;28mself[39m[38;5;241m.[39mrun_cell(cell, silent[38;5;241m=[39m[38;5;28;01mTrue[39;00m, shell_futures[38;5;241m=[39mshell_futures)
[1;32m   2953[0m [38;5;28;01mif[39;00m raise_exceptions:
[0;32m-> 2954[0m     result[38;5;241m.[39mraise_error()
[1;32m   2955[0m [38;5;28;01melif[39;00m [38;5;129;01mnot[39;00m result[38;5;241m.[39msuccess:
[1;32m   2956[0m     [38;5;28;01mbreak[39;00m

File [0;32m~/anaconda3/lib/python3.11/site-packages/IPython/core/interactiveshell.py:270[0m, in [0;36mExecutionResult.raise_error[0;34m(self)[0m
[1;32m    268[0m     [38;5;28;01mraise[39;00m [38;5;28mself[39m[38;5;241m.[39merror_before_exec
[1;32m    269[0m [38;5;28;01mif[39;00m [38;5;28mself[39m[38;5;241m.[39merror_in_exec [38;5;129;01mis[39;00m [38;5;129;01mnot[39;00m [38;5;28;01mNone[39;00m:
[0;32m--> 270[0m     [38;5;28;01mraise[39;00m [38;5;28mself[39m[38;5;241m.[39merror_in_exec

    [0;31m[... skipping hidden 1 frame][0m

File [0;32m/var/folders/qj/wyb9ssk93x96vj151llh_qwh0000gn/T/ipykernel_63141/2732908503.py:117[0m
[1;32m    114[0m [38;5;28;01mimport[39;00m[38;5;250m [39m[38;5;21;01mplotly[39;00m[38;5;21;01m.[39;00m[38;5;21;01mexpress[39;00m[38;5;250m [39m[38;5;28;01mas[39;00m[38;5;250m [39m[38;5;21;01mpx[39;00m
[1;32m    116[0m [38;5;66;03m# Load the sustainable energy data[39;00m
[0;32m--> 117[0m energy_df [38;5;241m=[39m pd[38;5;241m.[39mread_csv([38;5;124m'[39m[38;5;124mglobal-data-on-sustainable-energy.csv[39m[38;5;124m'[39m)
[1;32m    119[0m [38;5;66;03m# Calculate the percentage of nuclear electricity[39;00m
[1;32m    120[0m energy_df[[38;5;124m'[39m[38;5;124mNuclear_Electricity_Percentage[39m[38;5;124m'[39m] [38;5;241m=[39m (energy_df[[38;5;124m'[39m[38;5;124mElectricity from nuclear (TWh)[39m[38;5;124m'[39m] [38;5;241m/[39m
[1;32m    121[0m                                              (energy_df[[38;5;124m'[39m[38;5;124mElectricity from fossil fuels (TWh)[39m[38;5;124m'[39m] [38;5;241m+[39m
[1;32m    122[0m                                               energy_df[[38;5;124m'[39m[38;5;124mElectricity from nuclear (TWh)[39m[38;5;124m'[39m] [38;5;241m+[39m
[1;32m    123[0m                                               energy_df[[38;5;124m'[39m[38;5;124mElectricity from renewables (TWh)[39m[38;5;124m'[39m])) [38;5;241m*[39m [38;5;241m100[39m

File [0;32m~/anaconda3/lib/python3.11/site-packages/pandas/io/parsers/readers.py:912[0m, in [0;36mread_csv[0;34m(filepath_or_buffer, sep, delimiter, header, names, index_col, usecols, dtype, engine, converters, true_values, false_values, skipinitialspace, skiprows, skipfooter, nrows, na_values, keep_default_na, na_filter, verbose, skip_blank_lines, parse_dates, infer_datetime_format, keep_date_col, date_parser, date_format, dayfirst, cache_dates, iterator, chunksize, compression, thousands, decimal, lineterminator, quotechar, quoting, doublequote, escapechar, comment, encoding, encoding_errors, dialect, on_bad_lines, delim_whitespace, low_memory, memory_map, float_precision, storage_options, dtype_backend)[0m
[1;32m    899[0m kwds_defaults [38;5;241m=[39m _refine_defaults_read(
[1;32m    900[0m     dialect,
[1;32m    901[0m     delimiter,
[0;32m   (...)[0m
[1;32m    908[0m     dtype_backend[38;5;241m=[39mdtype_backend,
[1;32m    909[0m )
[1;32m    910[0m kwds[38;5;241m.[39mupdate(kwds_defaults)
[0;32m--> 912[0m [38;5;28;01mreturn[39;00m _read(filepath_or_buffer, kwds)

File [0;32m~/anaconda3/lib/python3.11/site-packages/pandas/io/parsers/readers.py:577[0m, in [0;36m_read[0;34m(filepath_or_buffer, kwds)[0m
[1;32m    574[0m _validate_names(kwds[38;5;241m.[39mget([38;5;124m"[39m[38;5;124mnames[39m[38;5;124m"[39m, [38;5;28;01mNone[39;00m))
[1;32m    576[0m [38;5;66;03m# Create the parser.[39;00m
[0;32m--> 577[0m parser [38;5;241m=[39m TextFileReader(filepath_or_buffer, [38;5;241m*[39m[38;5;241m*[39mkwds)
[1;32m    579[0m [38;5;28;01mif[39;00m chunksize [38;5;129;01mor[39;00m iterator:
[1;32m    580[0m     [38;5;28;01mreturn[39;00m parser

File [0;32m~/anaconda3/lib/python3.11/site-packages/pandas/io/parsers/readers.py:1407[0m, in [0;36mTextFileReader.__init__[0;34m(self, f, engine, **kwds)[0m
[1;32m   1404[0m     [38;5;28mself[39m[38;5;241m.[39moptions[[38;5;124m"[39m[38;5;124mhas_index_names[39m[38;5;124m"[39m] [38;5;241m=[39m kwds[[38;5;124m"[39m[38;5;124mhas_index_names[39m[38;5;124m"[39m]
[1;32m   1406[0m [38;5;28mself[39m[38;5;241m.[39mhandles: IOHandles [38;5;241m|[39m [38;5;28;01mNone[39;00m [38;5;241m=[39m [38;5;28;01mNone[39;00m
[0;32m-> 1407[0m [38;5;28mself[39m[38;5;241m.[39m_engine [38;5;241m=[39m [38;5;28mself[39m[38;5;241m.[39m_make_engine(f, [38;5;28mself[39m[38;5;241m.[39mengine)

File [0;32m~/anaconda3/lib/python3.11/site-packages/pandas/io/parsers/readers.py:1661[0m, in [0;36mTextFileReader._make_engine[0;34m(self, f, engine)[0m
[1;32m   1659[0m     [38;5;28;01mif[39;00m [38;5;124m"[39m[38;5;124mb[39m[38;5;124m"[39m [38;5;129;01mnot[39;00m [38;5;129;01min[39;00m mode:
[1;32m   1660[0m         mode [38;5;241m+[39m[38;5;241m=[39m [38;5;124m"[39m[38;5;124mb[39m[38;5;124m"[39m
[0;32m-> 1661[0m [38;5;28mself[39m[38;5;241m.[39mhandles [38;5;241m=[39m get_handle(
[1;32m   1662[0m     f,
[1;32m   1663[0m     mode,
[1;32m   1664[0m     encoding[38;5;241m=[39m[38;5;28mself[39m[38;5;241m.[39moptions[38;5;241m.[39mget([38;5;124m"[39m[38;5;124mencoding[39m[38;5;124m"[39m, [38;5;28;01mNone[39;00m),
[1;32m   1665[0m     compression[38;5;241m=[39m[38;5;28mself[39m[38;5;241m.[39moptions[38;5;241m.[39mget([38;5;124m"[39m[38;5;124mcompression[39m[38;5;124m"[39m, [38;5;28;01mNone[39;00m),
[1;32m   1666[0m     memory_map[38;5;241m=[39m[38;5;28mself[39m[38;5;241m.[39moptions[38;5;241m.[39mget([38;5;124m"[39m[38;5;124mmemory_map[39m[38;5;124m"[39m, [38;5;28;01mFalse[39;00m),
[1;32m   1667[0m     is_text[38;5;241m=[39mis_text,
[1;32m   1668[0m     errors[38;5;241m=[39m[38;5;28mself[39m[38;5;241m.[39moptions[38;5;241m.[39mget([38;5;124m"[39m[38;5;124mencoding_errors[39m[38;5;124m"[39m, [38;5;124m"[39m[38;5;124mstrict[39m[38;5;124m"[39m),
[1;32m   1669[0m     storage_options[38;5;241m=[39m[38;5;28mself[39m[38;5;241m.[39moptions[38;5;241m.[39mget([38;5;124m"[39m[38;5;124mstorage_options[39m[38;5;124m"[39m, [38;5;28;01mNone[39;00m),
[1;32m   1670[0m )
[1;32m   1671[0m [38;5;28;01massert[39;00m [38;5;28mself[39m[38;5;241m.[39mhandles [38;5;129;01mis[39;00m [38;5;129;01mnot[39;00m [38;5;28;01mNone[39;00m
[1;32m   1672[0m f [38;5;241m=[39m [38;5;28mself[39m[38;5;241m.[39mhandles[38;5;241m.[39mhandle

File [0;32m~/anaconda3/lib/python3.11/site-packages/pandas/io/common.py:859[0m, in [0;36mget_handle[0;34m(path_or_buf, mode, encoding, compression, memory_map, is_text, errors, storage_options)[0m
[1;32m    854[0m [38;5;28;01melif[39;00m [38;5;28misinstance[39m(handle, [38;5;28mstr[39m):
[1;32m    855[0m     [38;5;66;03m# Check whether the filename is to be opened in binary mode.[39;00m
[1;32m    856[0m     [38;5;66;03m# Binary mode does not support 'encoding' and 'newline'.[39;00m
[1;32m    857[0m     [38;5;28;01mif[39;00m ioargs[38;5;241m.[39mencoding [38;5;129;01mand[39;00m [38;5;124m"[39m[38;5;124mb[39m[38;5;124m"[39m [38;5;129;01mnot[39;00m [38;5;129;01min[39;00m ioargs[38;5;241m.[39mmode:
[1;32m    858[0m         [38;5;66;03m# Encoding[39;00m
[0;32m--> 859[0m         handle [38;5;241m=[39m [38;5;28mopen[39m(
[1;32m    860[0m             handle,
[1;32m    861[0m             ioargs[38;5;241m.[39mmode,
[1;32m    862[0m             encoding[38;5;241m=[39mioargs[38;5;241m.[39mencoding,
[1;32m    863[0m             errors[38;5;241m=[39merrors,
[1;32m    864[0m             newline[38;5;241m=[39m[38;5;124m"[39m[38;5;124m"[39m,
[1;32m    865[0m         )
[1;32m    866[0m     [38;5;28;01melse[39;00m:
[1;32m    867[0m         [38;5;66;03m# Binary mode[39;00m
[1;32m    868[0m         handle [38;5;241m=[39m [38;5;28mopen[39m(handle, ioargs[38;5;241m.[39mmode)

[0;31mFileNotFoundError[0m: [Errno 2] No such file or directory: 'global-data-on-sustainable-energy.csv'
FileNotFoundError: [Errno 2] No such file or directory: 'global-data-on-sustainable-energy.csv'

